<?xml version="1.0" encoding="UTF-8"?>
<!-- Generated by org.testng.reporters.JUnitReportReporter -->
<testsuite skipped="0" hostname="HIMEN" name="com.alg.test.executionengine.Executor" tests="10" failures="0" timestamp="29 Mar 2018 17:13:49 GMT" time="219.048" errors="0">
  <testcase name="testCase" time="15.424" classname="com.alg.test.executionengine.Executor"/>
  <testcase name="testCase" time="16.268" classname="com.alg.test.executionengine.Executor"/>
  <testcase name="testCase" time="44.764" classname="com.alg.test.executionengine.Executor"/>
  <testcase name="testCase" time="24.011" classname="com.alg.test.executionengine.Executor"/>
  <testcase name="testCase" time="15.581" classname="com.alg.test.executionengine.Executor"/>
  <testcase name="testCase" time="13.675" classname="com.alg.test.executionengine.Executor"/>
  <testcase name="testCase" time="21.317" classname="com.alg.test.executionengine.Executor"/>
  <testcase name="testCase" time="21.852" classname="com.alg.test.executionengine.Executor"/>
  <testcase name="testCase" time="31.424" classname="com.alg.test.executionengine.Executor"/>
  <testcase name="testCase" time="14.732" classname="com.alg.test.executionengine.Executor"/>
</testsuite> <!-- com.alg.test.executionengine.Executor -->
